<?xml version="1.0" encoding="UTF-8"?>
<!-- Generated by org.testng.reporters.JUnitReportReporter -->
<testsuite hostname="TYSS-Chaithra" failures="0" tests="1" name="differentWaysToPOST.CreateUserUsingPOJO" time="2.819" errors="0" timestamp="2023-02-19T11:16:32 IST" skipped="0">
  <testcase classname="differentWaysToPOST.CreateUserUsingPOJO" name="createUser" time="2.819"/>
  <system-out/>
</testsuite> <!-- differentWaysToPOST.CreateUserUsingPOJO -->
