<?xml version="1.0" encoding="UTF-8"?>
<!-- Generated by org.testng.reporters.JUnitReportReporter -->
<testsuite hostname="TYSS-Chaithra" failures="0" tests="1" name="differentWaysToPOST.CreateUserHashMap" time="2.874" errors="0" timestamp="2023-02-19T10:39:53 IST" skipped="0">
  <testcase classname="differentWaysToPOST.CreateUserHashMap" name="createUser" time="2.874"/>
  <system-out/>
</testsuite> <!-- differentWaysToPOST.CreateUserHashMap -->
