<?xml version="1.0" encoding="UTF-8"?>
<!-- Generated by org.testng.reporters.JUnitReportReporter -->
<testsuite hostname="TYSS-Chaithra" failures="0" tests="1" name="practice.CRUDOperations.GetUserTest" time="2.423" errors="0" timestamp="2023-02-18T11:42:58 IST" skipped="0">
  <testcase classname="practice.CRUDOperations.GetUserTest" name="getUserTest" time="2.423"/>
  <system-out/>
</testsuite> <!-- practice.CRUDOperations.GetUserTest -->
