<?xml version="1.0" encoding="UTF-8"?>
<!-- Generated by org.testng.reporters.JUnitReportReporter -->
<testsuite hostname="TYSS-Chaithra" failures="0" tests="1" name="practice.CRUDOperations.UpdateUsingBDD" time="2.650" errors="0" timestamp="2023-02-19T10:29:22 IST" skipped="0">
  <testcase classname="practice.CRUDOperations.UpdateUsingBDD" name="updateUser" time="2.650"/>
  <system-out/>
</testsuite> <!-- practice.CRUDOperations.UpdateUsingBDD -->
