<?xml version="1.0" encoding="UTF-8"?>
<!-- Generated by org.testng.reporters.JUnitReportReporter -->
<testsuite hostname="TYSS-Chaithra" failures="0" tests="1" name="practice.CRUDOperations.CreateUserTest" time="2.585" errors="0" timestamp="2023-02-18T11:29:56 IST" skipped="0">
  <testcase classname="practice.CRUDOperations.CreateUserTest" name="createUserTest" time="2.585"/>
  <system-out/>
</testsuite> <!-- practice.CRUDOperations.CreateUserTest -->
