<?xml version="1.0" encoding="UTF-8"?>
<!-- Generated by org.testng.reporters.JUnitReportReporter -->
<testsuite hostname="TYSS-Chaithra" failures="0" tests="1" name="practice.CRUDOperations.GetUserUsingBDD" time="2.091" errors="0" timestamp="2023-02-19T09:55:47 IST" skipped="0">
  <testcase classname="practice.CRUDOperations.GetUserUsingBDD" name="getUser" time="2.091"/>
  <system-out/>
</testsuite> <!-- practice.CRUDOperations.GetUserUsingBDD -->
