<?xml version="1.0" encoding="UTF-8"?>
<!-- Generated by org.testng.reporters.JUnitReportReporter -->
<testsuite hostname="TYSS-Chaithra" failures="0" tests="1" name="differentWaysToPOST.CreateUserUsingJSONFile" time="2.580" errors="0" timestamp="2023-02-19T10:37:19 IST" skipped="0">
  <testcase classname="differentWaysToPOST.CreateUserUsingJSONFile" name="createUser" time="2.580"/>
  <system-out/>
</testsuite> <!-- differentWaysToPOST.CreateUserUsingJSONFile -->
