<?xml version="1.0" encoding="UTF-8"?>
<!-- Generated by org.testng.reporters.JUnitReportReporter -->
<testsuite hostname="TYSS-Chaithra" failures="0" tests="1" name="practice.CRUDOperations.CreateUserUsingBDD" time="2.946" errors="0" timestamp="2023-02-19T09:49:57 IST" skipped="0">
  <testcase classname="practice.CRUDOperations.CreateUserUsingBDD" name="createUser" time="2.946"/>
  <system-out/>
</testsuite> <!-- practice.CRUDOperations.CreateUserUsingBDD -->
